#-----------------------------------------------------------
# xsim v2024.1 (64-bit)
# SW Build 5076996 on Wed May 22 18:37:14 MDT 2024
# IP Build 5075265 on Wed May 22 21:45:21 MDT 2024
# SharedData Build 5076995 on Wed May 22 18:29:18 MDT 2024
# Start of session at: Mon Apr 20 02:24:33 2026
# Process ID: 16784
# Current directory: C:/Router_MS
# Command line: xsim.exe -log xsim_router_3stage.log -mode tcl -source {xsim.dir/TB_ROUTER_3STAGE_VC_behav/xsim_script.tcl}
# Log file: C:/Router_MS/xsim_router_3stage.log
# Journal file: C:/Router_MS\xsim.jou
# Running On        :victus4hua
# Platform          :Windows Server 2016 or Windows 10
# Operating System  :26200
# Processor Detail  :13th Gen Intel(R) Core(TM) i7-13650HX
# CPU Frequency     :2803 MHz
# CPU Physical cores:14
# CPU Logical cores :20
# Host memory       :16858 MB
# Swap memory       :42949 MB
# Total Virtual     :59808 MB
# Available Virtual :28669 MB
#-----------------------------------------------------------
source xsim.dir/TB_ROUTER_3STAGE_VC_behav/xsim_script.tcl
# xsim {TB_ROUTER_3STAGE_VC_behav} -autoloadwcfg -runall
Time resolution is 1 ps
run -all
Error: Expected 3 flits on EAST, got 0
Time: 295 ns  Iteration: 0  Process: /TB_ROUTER_3STAGE_VC/Initial199_180  Scope: TB_ROUTER_3STAGE_VC  File: C:/Router_MS/TB/TB_ROUTER_3STAGE_VC.sv Line: 217
Fatal: 
Time: 295 ns  Iteration: 0  Process: /TB_ROUTER_3STAGE_VC/Initial199_180  Scope: TB_ROUTER_3STAGE_VC  File: C:/Router_MS/TB/TB_ROUTER_3STAGE_VC.sv Line: 218
$finish called at time : 295 ns
exit
INFO: [Common 17-206] Exiting xsim at Mon Apr 20 02:24:35 2026...
