
*** Running vivado
    with args -log RR_ARBITER.vds -m64 -product Vivado -mode batch -messageDb vivado.pb -notrace -source RR_ARBITER.tcl


****** Vivado v2023.2 (64-bit)
  **** SW Build 4029153 on Fri Oct 13 20:13:54 MDT 2023
  **** IP Build 4028589 on Sat Oct 14 00:45:43 MDT 2023
  **** SharedData Build 4025554 on Tue Oct 10 17:18:54 MDT 2023
    ** Copyright 1986-2022 Xilinx, Inc. All Rights Reserved.
    ** Copyright 2022-2023 Advanced Micro Devices, Inc. All Rights Reserved.

source RR_ARBITER.tcl -notrace
create_project: Time (s): cpu = 00:00:08 ; elapsed = 00:00:09 . Memory (MB): peak = 1582.141 ; gain = 91.883 ; free physical = 5533 ; free virtual = 26307
Command: read_checkpoint -auto_incremental -incremental /home/piraten/qi7275ji/Router_MS/Sim/Arbiter/Arbiter.srcs/utils_1/imports/synth_1/RR_ARBITER.dcp
INFO: [Vivado 12-5825] Read reference checkpoint from /home/piraten/qi7275ji/Router_MS/Sim/Arbiter/Arbiter.srcs/utils_1/imports/synth_1/RR_ARBITER.dcp for incremental synthesis
INFO: [Vivado 12-7989] Please ensure there are no constraint changes
Command: synth_design -top RR_ARBITER -part xc7vx485tffg1157-1
Starting synth_design
Attempting to get a license for feature 'Synthesis' and/or device 'xc7vx485t'
INFO: [Common 17-349] Got license for feature 'Synthesis' and/or device 'xc7vx485t'
INFO: [Common 17-1540] The version limit for your license is '2025.01' and has expired for new software. A version limit expiration means that, although you may be able to continue to use the current version of tools or IP with this license, you will not be eligible for new releases.
INFO: [Designutils 20-5440] No compile time benefit to using incremental synthesis; A full resynthesis will be run
INFO: [Designutils 20-4379] Flow is switching to default flow due to incremental criteria not met. If you would like to alter this behaviour and have the flow terminate instead, please set the following parameter config_implementation {autoIncr.Synth.RejectBehavior Terminate}
INFO: [Synth 8-7079] Multithreading enabled for synth_design using a maximum of 4 processes.
INFO: [Synth 8-7078] Launching helper process for spawning children vivado processes
INFO: [Synth 8-7075] Helper process launched with PID 55959
---------------------------------------------------------------------------------
Starting Synthesize : Time (s): cpu = 00:00:04 ; elapsed = 00:00:05 . Memory (MB): peak = 2018.824 ; gain = 408.715 ; free physical = 4833 ; free virtual = 25608
---------------------------------------------------------------------------------
INFO: [Synth 8-6157] synthesizing module 'RR_ARBITER' [/home/piraten/qi7275ji/Router_MS/RTL/ARBITER/RR_ARBITER.sv:4]
INFO: [Synth 8-6157] synthesizing module 'FP_ARBITER' [/home/piraten/qi7275ji/Router_MS/RTL/ARBITER/FP_ARBITER.sv:5]
	Parameter NR bound to: 5 - type: integer 
INFO: [Synth 8-6155] done synthesizing module 'FP_ARBITER' (0#1) [/home/piraten/qi7275ji/Router_MS/RTL/ARBITER/FP_ARBITER.sv:5]
INFO: [Synth 8-6155] done synthesizing module 'RR_ARBITER' (0#1) [/home/piraten/qi7275ji/Router_MS/RTL/ARBITER/RR_ARBITER.sv:4]
---------------------------------------------------------------------------------
Finished Synthesize : Time (s): cpu = 00:00:06 ; elapsed = 00:00:07 . Memory (MB): peak = 2091.793 ; gain = 481.684 ; free physical = 4756 ; free virtual = 25531
---------------------------------------------------------------------------------
---------------------------------------------------------------------------------
Finished Constraint Validation : Time (s): cpu = 00:00:07 ; elapsed = 00:00:08 . Memory (MB): peak = 2109.605 ; gain = 499.496 ; free physical = 4747 ; free virtual = 25523
---------------------------------------------------------------------------------
---------------------------------------------------------------------------------
Start Loading Part and Timing Information
---------------------------------------------------------------------------------
Loading part: xc7vx485tffg1157-1
INFO: [Device 21-403] Loading part xc7vx485tffg1157-1
---------------------------------------------------------------------------------
Finished Loading Part and Timing Information : Time (s): cpu = 00:00:07 ; elapsed = 00:00:08 . Memory (MB): peak = 2117.609 ; gain = 507.500 ; free physical = 4743 ; free virtual = 25519
---------------------------------------------------------------------------------
---------------------------------------------------------------------------------
Finished RTL Optimization Phase 2 : Time (s): cpu = 00:00:07 ; elapsed = 00:00:09 . Memory (MB): peak = 2152.859 ; gain = 542.750 ; free physical = 4708 ; free virtual = 25484
---------------------------------------------------------------------------------
No constraint files found.
---------------------------------------------------------------------------------
Start RTL Component Statistics 
---------------------------------------------------------------------------------
Detailed RTL Component Info : 
+---Adders : 
	   2 Input    5 Bit       Adders := 1     
+---Registers : 
	                3 Bit    Registers := 1     
+---Muxes : 
	   2 Input    5 Bit        Muxes := 2     
	   2 Input    3 Bit        Muxes := 5     
	   4 Input    3 Bit        Muxes := 1     
	   2 Input    2 Bit        Muxes := 1     
	   3 Input    2 Bit        Muxes := 1     
---------------------------------------------------------------------------------
Finished RTL Component Statistics 
---------------------------------------------------------------------------------
---------------------------------------------------------------------------------
Start Part Resource Summary
---------------------------------------------------------------------------------
Part Resources:
DSPs: 2800 (col length:140)
BRAMs: 2060 (col length: RAMB18 140 RAMB36 70)
---------------------------------------------------------------------------------
Finished Part Resource Summary
---------------------------------------------------------------------------------
No constraint files found.
---------------------------------------------------------------------------------
Start Cross Boundary and Area Optimization
---------------------------------------------------------------------------------
WARNING: [Synth 8-7080] Parallel synthesis criteria is not met
---------------------------------------------------------------------------------
Finished Cross Boundary and Area Optimization : Time (s): cpu = 00:00:16 ; elapsed = 00:00:19 . Memory (MB): peak = 2407.281 ; gain = 797.172 ; free physical = 4420 ; free virtual = 25199
---------------------------------------------------------------------------------
No constraint files found.
---------------------------------------------------------------------------------
Start Timing Optimization
---------------------------------------------------------------------------------
---------------------------------------------------------------------------------
Finished Timing Optimization : Time (s): cpu = 00:00:16 ; elapsed = 00:00:19 . Memory (MB): peak = 2407.281 ; gain = 797.172 ; free physical = 4420 ; free virtual = 25199
---------------------------------------------------------------------------------
---------------------------------------------------------------------------------
Start Technology Mapping
---------------------------------------------------------------------------------
---------------------------------------------------------------------------------
Finished Technology Mapping : Time (s): cpu = 00:00:16 ; elapsed = 00:00:19 . Memory (MB): peak = 2407.281 ; gain = 797.172 ; free physical = 4420 ; free virtual = 25199
---------------------------------------------------------------------------------
---------------------------------------------------------------------------------
Start IO Insertion
---------------------------------------------------------------------------------
---------------------------------------------------------------------------------
Start Flattening Before IO Insertion
---------------------------------------------------------------------------------
---------------------------------------------------------------------------------
Finished Flattening Before IO Insertion
---------------------------------------------------------------------------------
---------------------------------------------------------------------------------
Start Final Netlist Cleanup
---------------------------------------------------------------------------------
---------------------------------------------------------------------------------
Finished Final Netlist Cleanup
---------------------------------------------------------------------------------
---------------------------------------------------------------------------------
Finished IO Insertion : Time (s): cpu = 00:00:20 ; elapsed = 00:00:23 . Memory (MB): peak = 2407.281 ; gain = 797.172 ; free physical = 4399 ; free virtual = 25177
---------------------------------------------------------------------------------
---------------------------------------------------------------------------------
Start Renaming Generated Instances
---------------------------------------------------------------------------------
---------------------------------------------------------------------------------
Finished Renaming Generated Instances : Time (s): cpu = 00:00:20 ; elapsed = 00:00:23 . Memory (MB): peak = 2407.281 ; gain = 797.172 ; free physical = 4399 ; free virtual = 25177
---------------------------------------------------------------------------------
---------------------------------------------------------------------------------
Start Rebuilding User Hierarchy
---------------------------------------------------------------------------------
---------------------------------------------------------------------------------
Finished Rebuilding User Hierarchy : Time (s): cpu = 00:00:20 ; elapsed = 00:00:23 . Memory (MB): peak = 2407.281 ; gain = 797.172 ; free physical = 4399 ; free virtual = 25177
---------------------------------------------------------------------------------
---------------------------------------------------------------------------------
Start Renaming Generated Ports
---------------------------------------------------------------------------------
---------------------------------------------------------------------------------
Finished Renaming Generated Ports : Time (s): cpu = 00:00:20 ; elapsed = 00:00:23 . Memory (MB): peak = 2407.281 ; gain = 797.172 ; free physical = 4399 ; free virtual = 25177
---------------------------------------------------------------------------------
---------------------------------------------------------------------------------
Start Handling Custom Attributes
---------------------------------------------------------------------------------
---------------------------------------------------------------------------------
Finished Handling Custom Attributes : Time (s): cpu = 00:00:20 ; elapsed = 00:00:23 . Memory (MB): peak = 2407.281 ; gain = 797.172 ; free physical = 4399 ; free virtual = 25177
---------------------------------------------------------------------------------
---------------------------------------------------------------------------------
Start Renaming Generated Nets
---------------------------------------------------------------------------------
---------------------------------------------------------------------------------
Finished Renaming Generated Nets : Time (s): cpu = 00:00:20 ; elapsed = 00:00:23 . Memory (MB): peak = 2407.281 ; gain = 797.172 ; free physical = 4399 ; free virtual = 25177
---------------------------------------------------------------------------------
---------------------------------------------------------------------------------
Start Writing Synthesis Report
---------------------------------------------------------------------------------

Report BlackBoxes: 
+-+--------------+----------+
| |BlackBox name |Instances |
+-+--------------+----------+
+-+--------------+----------+

Report Cell Usage: 
+------+-----+------+
|      |Cell |Count |
+------+-----+------+
|1     |BUFG |     1|
|2     |LUT2 |     1|
|3     |LUT3 |     1|
|4     |LUT4 |     5|
|5     |LUT5 |     7|
|6     |LUT6 |    22|
|7     |FDRE |     3|
|8     |IBUF |     7|
|9     |OBUF |     5|
+------+-----+------+

Report Instance Areas: 
+------+---------+-------+------+
|      |Instance |Module |Cells |
+------+---------+-------+------+
|1     |top      |       |    52|
+------+---------+-------+------+
---------------------------------------------------------------------------------
Finished Writing Synthesis Report : Time (s): cpu = 00:00:20 ; elapsed = 00:00:23 . Memory (MB): peak = 2407.281 ; gain = 797.172 ; free physical = 4399 ; free virtual = 25177
---------------------------------------------------------------------------------
Synthesis finished with 0 errors, 0 critical warnings and 1 warnings.
Synthesis Optimization Runtime : Time (s): cpu = 00:00:20 ; elapsed = 00:00:23 . Memory (MB): peak = 2407.281 ; gain = 797.172 ; free physical = 4399 ; free virtual = 25177
Synthesis Optimization Complete : Time (s): cpu = 00:00:20 ; elapsed = 00:00:23 . Memory (MB): peak = 2407.289 ; gain = 797.172 ; free physical = 4399 ; free virtual = 25177
INFO: [Project 1-571] Translating synthesized netlist
Netlist sorting complete. Time (s): cpu = 00:00:00 ; elapsed = 00:00:00 . Memory (MB): peak = 2410.250 ; gain = 0.000 ; free physical = 4674 ; free virtual = 25453
INFO: [Project 1-570] Preparing netlist for logic optimization
INFO: [Opt 31-138] Pushed 0 inverter(s) to 0 load pin(s).
Netlist sorting complete. Time (s): cpu = 00:00:00 ; elapsed = 00:00:00 . Memory (MB): peak = 2523.855 ; gain = 0.000 ; free physical = 4591 ; free virtual = 25369
INFO: [Project 1-111] Unisim Transformation Summary:
No Unisim elements were transformed.

Synth Design complete | Checksum: 85351860
INFO: [Common 17-83] Releasing license: Synthesis
19 Infos, 1 Warnings, 0 Critical Warnings and 0 Errors encountered.
synth_design completed successfully
synth_design: Time (s): cpu = 00:00:26 ; elapsed = 00:00:28 . Memory (MB): peak = 2523.891 ; gain = 935.812 ; free physical = 4591 ; free virtual = 25370
INFO: [Common 17-2834] synth_design peak Physical Memory [PSS] (MB): overall = 1830.281; main = 1596.404; forked = 374.719
INFO: [Common 17-2834] synth_design peak Virtual Memory [VSS] (MB): overall = 4021.781; main = 2523.859; forked = 1614.496
Write ShapeDB Complete: Time (s): cpu = 00:00:00 ; elapsed = 00:00:00.01 . Memory (MB): peak = 2547.867 ; gain = 0.000 ; free physical = 4591 ; free virtual = 25370
INFO: [Common 17-1381] The checkpoint '/home/piraten/qi7275ji/Router_MS/Sim/Arbiter/Arbiter.runs/synth_1/RR_ARBITER.dcp' has been generated.
INFO: [runtcl-4] Executing : report_utilization -file RR_ARBITER_utilization_synth.rpt -pb RR_ARBITER_utilization_synth.pb
INFO: [Common 17-206] Exiting Vivado at Sat Feb 21 17:24:50 2026...
